2022-01-27T10:57:52.273Z  [32minfo[39m :  	Listening on port 3000...
2022-01-27T11:14:13.472Z  [32minfo[39m :  	Listening on port 3000...
2022-01-27T11:14:16.853Z  [32minfo[39m :  	Get request someone called get
2022-01-27T11:14:28.990Z  [31merror[39m :  	jwt expired
2022-01-27T11:19:05.199Z  [32minfo[39m :  	New user with id:61f27fa9e9facc9f9cf4ca19 is registered
2022-01-27T11:19:24.650Z  [32minfo[39m :  	user with email: suryadb.developer@gmail.com is logged in
2022-01-27T11:19:37.397Z  [31merror[39m :  	jwt expired
2022-01-27T11:19:52.520Z  [32minfo[39m :  	GET request of id:61f188da42c08d0bee000448 is called
2022-01-27T11:47:51.798Z  [32minfo[39m :  	Get request someone called get
2022-01-27T11:48:13.373Z  [32minfo[39m :  	New user with id:61f2867de9facc9f9cf4ca1a is registered
2022-01-27T11:48:46.194Z  [32minfo[39m :  	user with email: surya@gmail.com is logged in
2022-01-27T11:49:34.372Z  [31merror[39m :  	jwt expired
2022-01-27T11:53:02.650Z  [32minfo[39m :  	Get request someone called get
2022-01-27T11:54:47.921Z  [32minfo[39m :  	User with email surya@gmail.com is logged out
2022-01-27T12:28:25.985Z  [31merror[39m :  	Unexpected string in JSON at position 130
2022-01-27T12:29:01.607Z  [32minfo[39m :  	Listening on port 3000...
2022-01-27T12:29:02.949Z  [31merror[39m :  	Unexpected string in JSON at position 130
2022-01-27T12:29:15.762Z  [32minfo[39m :  	user with email: surya@gmail.com is logged in
2022-01-27T12:33:17.233Z  [32minfo[39m :  	Listening on port 3000...
2022-01-27T12:43:55.277Z  [32minfo[39m :  	Listening on port 3000...
2022-01-27T13:42:46.308Z  [32minfo[39m :  	Listening on port 3000...
2022-01-27T13:42:52.473Z  [32minfo[39m :  	user with email: surya@gmail.com is logged in
2022-01-27T13:43:59.452Z  [31merror[39m :  	jwt expired
2022-01-27T13:44:15.413Z  [32minfo[39m :  	Listening on port 3000...
2022-01-27T13:44:20.757Z  [31merror[39m :  	jwt expired
2022-01-27T13:47:26.251Z  [32minfo[39m :  	Listening on port 3000...
2022-01-27T13:48:25.539Z  [31merror[39m :  	jwt expired
2022-01-27T13:48:36.648Z  [32minfo[39m :  	user with email: surya@gmail.com is logged in
2022-01-27T16:57:00.223Z  [32minfo[39m :  	Listening on port 3000...
2022-01-27T16:57:41.284Z  [32minfo[39m :  	Listening on port 3000...
2022-01-27T16:57:55.608Z  [32minfo[39m :  	Listening on port 3000...
2022-01-27T18:06:24.100Z  [32minfo[39m :  	Listening on port 3000...
