2022-02-07T11:58:51.591Z  [32minfo[39m :  	Listening on port 3000...
2022-02-07T11:59:27.988Z  [32minfo[39m :  	New user with id:6201099f9734f8b52acedc3f is registered
2022-02-07T11:59:40.691Z  [31merror[39m :  	Session expired
2022-02-07T11:59:49.962Z  [32minfo[39m :  	user with email: surya123@gmail.com is logged in
2022-02-07T12:00:03.011Z  [32minfo[39m :  	Get request someone called get
2022-02-07T12:01:57.824Z  [32minfo[39m :  	User with email surya123@gmail.com is logged out
2022-02-07T12:21:10.813Z  [32minfo[39m :  	Listening on port 3000...
2022-02-07T12:21:23.221Z  [32minfo[39m :  	user with email: surya123@gmail.com is logged in
2022-02-07T12:21:36.643Z  [32minfo[39m :  	Get request someone called get
2022-02-07T12:22:20.721Z  [32minfo[39m :  	Listening on port 3000...
2022-02-07T12:22:24.456Z  [32minfo[39m :  	Get request someone called get
2022-02-07T12:38:56.067Z  [32minfo[39m :  	Listening on port 3000...
2022-02-07T12:40:36.913Z  [32minfo[39m :  	Listening on port 3000...
2022-02-07T12:40:40.702Z  [31merror[39m :  	res is not defined
2022-02-07T12:43:12.687Z  [31merror[39m :  	res is not defined
2022-02-07T12:43:30.459Z  [32minfo[39m :  	Listening on port 3000...
2022-02-07T12:43:35.012Z  [31merror[39m :  	res is not defined
2022-02-07T13:15:08.087Z  [32minfo[39m :  	Listening on port 3000...
2022-02-07T13:15:11.987Z  [31merror[39m :  	Cannot set headers after they are sent to the client
2022-02-07T13:23:26.546Z  [32minfo[39m :  	Listening on port 3000...
2022-02-07T13:25:38.242Z  [31merror[39m :  	Session expired
2022-02-07T13:26:18.721Z  [31merror[39m :  	Session expired
2022-02-07T13:26:42.228Z  [31merror[39m :  	Session expired
2022-02-07T13:26:48.294Z  [32minfo[39m :  	user with email: surya123@gmail.com is logged in
2022-02-07T13:27:40.759Z  [31merror[39m :  	ObjectId is not defined
2022-02-07T13:29:04.025Z  [32minfo[39m :  	Listening on port 3000...
2022-02-07T13:29:18.269Z  [32minfo[39m :  	user with the id:6201138e70da4450d9fbe607is updated
2022-02-07T14:13:26.382Z  [32minfo[39m :  	Individual details of mail:surya123@gmail.com is called
2022-02-07T14:36:58.266Z  [32minfo[39m :  	Listening on port 3000...
2022-02-07T14:37:32.375Z  [31merror[39m :  	payload is not defined
2022-02-07T14:39:17.317Z  [32minfo[39m :  	Listening on port 3000...
2022-02-07T14:39:23.064Z  [31merror[39m :  	Cannot read properties of null (reading '_id')
2022-02-07T14:40:18.185Z  [32minfo[39m :  	Listening on port 3000...
2022-02-07T14:40:22.427Z  [31merror[39m :  	Cannot read properties of null (reading '_id')
2022-02-07T14:41:05.759Z  [32minfo[39m :  	Listening on port 3000...
2022-02-07T14:41:44.228Z  [32minfo[39m :  	New user with id:62012fa8d8ab29edc0357ef1 is registered
2022-02-07T14:47:29.250Z  [32minfo[39m :  	Listening on port 3000...
2022-02-07T14:47:35.670Z  [32minfo[39m :  	user with email: surya123@gmail.com is logged in
