2022-01-26T10:44:35.430Z  [32minfo[39m :  	Get request someone called get
2022-01-26T15:32:40.177Z  [32minfo[39m :  	Listening on port 3000...
2022-01-26T16:01:41.408Z  [32minfo[39m :  	Listening on port 3000...
2022-01-26T16:01:49.799Z  [31merror[39m :  	jwt is not defined jwt is not defined
2022-01-26T16:03:54.470Z  [32minfo[39m :  	Listening on port 3000...
2022-01-26T16:03:57.586Z  [32minfo[39m :  	User with email suryadb is logged out
2022-01-26T16:36:11.445Z  [32minfo[39m :  	Listening on port 3000...
2022-01-26T16:36:26.950Z  [32minfo[39m :  	Get request someone called get
2022-01-26T16:41:53.275Z  [32minfo[39m :  	Listening on port 3000...
2022-01-26T16:41:59.750Z  [32minfo[39m :  	User with email suryadb is logged out
2022-01-26T16:43:39.818Z  [32minfo[39m :  	Listening on port 3000...
2022-01-26T16:43:45.355Z  [32minfo[39m :  	User with email suryadb is logged out
2022-01-26T16:43:55.026Z  [32minfo[39m :  	User with email suryadb is logged out
2022-01-26T16:44:46.888Z  [32minfo[39m :  	User with email suryadb is logged out
2022-01-26T16:49:23.834Z  [32minfo[39m :  	Listening on port 3000...
2022-01-26T16:50:06.428Z  [31merror[39m :  	invalid signature invalid signature
2022-01-26T17:35:17.403Z  [32minfo[39m :  	Listening on port 3000...
2022-01-26T17:38:22.220Z  [32minfo[39m :  	Listening on port 3000...
2022-01-26T17:38:39.674Z  [32minfo[39m :  	Get request someone called get
2022-01-26T17:40:59.376Z  [32minfo[39m :  	Listening on port 3000...
2022-01-26T17:41:05.347Z  [32minfo[39m :  	New user with id:61f187b1af7ec6e3108b342a is registered
2022-01-26T17:42:23.281Z  [32minfo[39m :  	Listening on port 3000...
2022-01-26T17:44:47.883Z  [32minfo[39m :  	Listening on port 3000...
2022-01-26T17:45:04.482Z  [31merror[39m :  	Document failed validation Document failed validation
2022-01-26T17:46:02.234Z  [32minfo[39m :  	New user with id:61f188da42c08d0bee000448 is registered
2022-01-26T17:47:44.474Z  [31merror[39m :  	Cannot read properties of null (reading 'password') Cannot read properties of null (reading 'password')
2022-01-26T17:49:13.297Z  [32minfo[39m :  	Listening on port 3000...
2022-01-26T17:50:20.002Z  [31merror[39m :  	jwt is not defined jwt is not defined
2022-01-26T17:52:58.352Z  [32minfo[39m :  	Listening on port 3000...
2022-01-26T17:53:31.223Z  [32minfo[39m :  	Listening on port 3000...
2022-01-26T17:53:43.388Z  [32minfo[39m :  	Listening on port 3000...
2022-01-26T17:53:46.716Z  [31merror[39m :  	jwt is not defined jwt is not defined
2022-01-26T17:55:00.007Z  [32minfo[39m :  	Listening on port 3000...
2022-01-26T17:55:06.819Z  [32minfo[39m :  	Listening on port 3000...
2022-01-26T17:55:12.376Z  [31merror[39m :  	jwt is not defined
2022-01-26T17:55:40.081Z  [32minfo[39m :  	Listening on port 3000...
2022-01-26T17:56:01.868Z  [32minfo[39m :  	Listening on port 3000...
2022-01-26T17:56:50.660Z  [32minfo[39m :  	Listening on port 3000...
2022-01-26T17:56:59.336Z  [32minfo[39m :  	Listening on port 3000...
2022-01-26T17:57:09.687Z  [32minfo[39m :  	Listening on port 3000...
2022-01-26T17:57:14.829Z  [31merror[39m :  	config is not defined
2022-01-26T17:57:36.618Z  [32minfo[39m :  	Listening on port 3000...
2022-01-26T17:57:39.015Z  [32minfo[39m :  	user with email: jonsnow@gmail.com is logged in
2022-01-26T17:58:41.492Z  [32minfo[39m :  	Listening on port 3000...
2022-01-26T17:59:19.687Z  [32minfo[39m :  	user with email: jonsnow@gmail.com is logged in
2022-01-26T17:59:44.405Z  [31merror[39m :  	jwt malformed
2022-01-26T18:00:22.840Z  [32minfo[39m :  	User with email jonsnow@gmail.com is logged out
2022-01-26T18:02:22.178Z  [32minfo[39m :  	Listening on port 3000...
2022-01-26T18:02:54.630Z  [32minfo[39m :  	Listening on port 3000...
2022-01-26T18:04:21.246Z  [32minfo[39m :  	Listening on port 3000...
2022-01-26T18:04:31.312Z  [32minfo[39m :  	Listening on port 3000...
2022-01-26T18:04:34.820Z  [31merror[39m :  	jwt malformed
2022-01-26T18:05:18.390Z  [32minfo[39m :  	user with email: jonsnow@gmail.com is logged in
2022-01-26T18:05:54.118Z  [32minfo[39m :  	Listening on port 3000...
2022-01-26T18:06:52.994Z  [32minfo[39m :  	Get request someone called get
2022-01-26T18:09:17.991Z  [32minfo[39m :  	user with email: harry@gmail.com is logged in
2022-01-26T18:10:27.686Z  [32minfo[39m :  	Listening on port 3000...
2022-01-26T18:10:33.094Z  [32minfo[39m :  	GET request of id:61f188da42c08d0bee000448 is called
2022-01-26T18:12:04.683Z  [32minfo[39m :  	Get request someone called get
2022-01-26T18:13:04.212Z  [32minfo[39m :  	user with the id:61f18ec3a9b642a71c98ab47is updated
2022-01-26T18:13:52.200Z  [33mwarn[39m :  	user with id:61f18ec3a9b642a71c98ab47is deleted
2022-01-26T18:14:07.077Z  [32minfo[39m :  	User with email harry@gmail.com is logged out
