2022-02-04T08:30:51.079Z  [32minfo[39m :  	Listening on port 3000...
2022-02-04T08:33:03.678Z  [32minfo[39m :  	Listening on port 3000...
2022-02-04T08:33:23.455Z  [31merror[39m :  	Session expired
2022-02-04T08:33:28.064Z  [32minfo[39m :  	user with email: suryadb.developer@gmail.com is logged in
2022-02-04T08:37:24.688Z  [32minfo[39m :  	Listening on port 3000...
2022-02-04T08:37:54.634Z  [31merror[39m :  	Topology is closed
2022-02-04T08:41:18.584Z  [32minfo[39m :  	Listening on port 3000...
2022-02-04T08:41:48.526Z  [31merror[39m :  	Topology is closed
2022-02-04T08:45:34.803Z  [32minfo[39m :  	Listening on port 3000...
2022-02-04T08:46:04.750Z  [31merror[39m :  	Topology is closed
2022-02-04T08:48:50.475Z  [32minfo[39m :  	Listening on port 3000...
2022-02-04T08:49:20.424Z  [31merror[39m :  	Topology is closed
2022-02-04T08:49:33.208Z  [32minfo[39m :  	Listening on port 3000...
2022-02-04T08:50:03.156Z  [31merror[39m :  	Topology is closed
2022-02-04T08:50:19.095Z  [32minfo[39m :  	Listening on port 3000...
2022-02-04T08:50:38.756Z  [32minfo[39m :  	Listening on port 3000...
2022-02-04T08:50:48.101Z  [32minfo[39m :  	Listening on port 3000...
2022-02-04T08:51:18.048Z  [31merror[39m :  	Topology is closed
2022-02-04T08:51:31.644Z  [32minfo[39m :  	Listening on port 3000...
2022-02-04T08:51:35.205Z  [32minfo[39m :  	Listening on port 3000...
2022-02-04T08:58:30.611Z  [32minfo[39m :  	Listening on port 3000...
2022-02-04T08:59:00.554Z  [31merror[39m :  	Topology is closed
2022-02-04T09:17:06.354Z  [32minfo[39m :  	Listening on port 3000...
2022-02-04T09:17:36.295Z  [31merror[39m :  	Topology is closed
2022-02-04T09:26:15.004Z  [32minfo[39m :  	Listening on port 3000...
2022-02-04T09:35:51.299Z  [32minfo[39m :  	Listening on port 3000...
2022-02-04T09:38:57.743Z  [32minfo[39m :  	user with email: suryadb.developer@gmail.com is logged in
2022-02-04T09:39:32.440Z  [32minfo[39m :  	Get request someone called get
